
ROM used: 122 (1%)
          122 (1%) including unused fragments

          0 Average locations per line
          9 Average locations per statement

RAM used: 8 (2%) at main() level
          9 (2%) worst case

Stack used: 1 worst case (out of 8 total available)

Lines Stmts  %   Files
----- ----- ---  -----
   26    14 100  prob_pinA4.c
   17     0   0  prob_pinA4.h
  272     0   0  ..\..\..\Program Files\PICC\devices\16F876A.h
----- -----
  315    14 Total

Page ROM  %  RAM   Vol Diff  Functions:
---- --- --- ---   --- ----  ----------
0     20  16   1             @delay_ms1
0     98  80   1   310  2.8  main

Program metrics:
    Functions               1
    Statements              14
    Comments                69
    Volume (V)              313
    Difficilty (D)          2.7
    Effort to implement (E) 847
    Time to implement (T)   1 minutes
    Est Delivered Bugs (B)  0
    Cyclomatic Complexity   1
    Maintainability (MI)    113

 Segment     Used  Free
-----------  ----  ----
00000-00003     4  0  
00004-007FF   118  1926  
00800-00FFF     0  2048  
01000-017FF     0  2048  
01800-01FFF     0  2048  



THE FOLLOWING IS TEMPORARY FOR DIAGNOSTIC USE ONLY:

    n1    n2    N1    N2   v(G)
     0     1     0     0     0    @delay_ms1
     6    30    32    28     0    main
