>>> Warning 208 "C:\Users\Programacao\Documents\CCS_Projects\18F\LightMod\can_functions.c" Line 132(15,23): Function not void and does not return a value  can_push
>>> Warning 208 "C:\Users\Xapo\Documents\Electronica\domos2011\FW\light_mod\eprom.c" Line 4(1,14): Function not void and does not return a value  _write_eeprom
>>> Warning 207 "C:\Users\Xapo\Documents\Electronica\domos2011\FW\light_mod\switch_functions.c" Line 7(1,1): Code has no effect
>>> Warning 207 "C:\Users\Xapo\Documents\Electronica\domos2011\FW\light_mod\switch_functions.c" Line 53(1,1): Code has no effect
>>> Warning 207 "C:\Users\Xapo\Documents\Electronica\domos2011\FW\light_mod\switch_functions.c" Line 54(1,1): Code has no effect
>>> Warning 216 "main.c" Line 241(0,1): Interrupts disabled during call to prevent re-entrancy:  (can_set_id)
>>> Warning 216 "main.c" Line 241(0,1): Interrupts disabled during call to prevent re-entrancy:  (@PUTCHAR_1_)
>>> Warning 216 "main.c" Line 241(0,1): Interrupts disabled during call to prevent re-entrancy:  (@PSTRINGC_65)
>>> Warning 216 "main.c" Line 241(0,1): Interrupts disabled during call to prevent re-entrancy:  (@MUL1616)
>>> Warning 216 "main.c" Line 241(0,1): Interrupts disabled during call to prevent re-entrancy:  (@WRITEBITA)
>>> Warning 216 "main.c" Line 241(0,1): Interrupts disabled during call to prevent re-entrancy:  (@READBITA)
>>> Warning 202 "C:\Users\Programacao\Documents\CCS_Projects\18F\LightMod\can_functions.c" Line 11(6,16): Variable never used:   can_rsfull
>>> Warning 202 "C:\Users\Programacao\Documents\CCS_Projects\18F\LightMod\can_functions.c" Line 16(6,17): Variable never used:   can_tsempty
>>> Warning 202 "main.c" Line 5(5,9): Variable never used:   temp
>>> Warning 202 "C:\Users\Xapo\Documents\Electronica\domos2011\FW\light_mod\struct_and_enums.c" Line 290(18,27): Variable never used:   start_adr
>>> Warning 202 "C:\Users\Xapo\Documents\Electronica\domos2011\FW\light_mod\struct_and_enums.c" Line 291(18,23): Variable never used:   empty
>>> Warning 202 "C:\Users\Xapo\Documents\Electronica\domos2011\FW\light_mod\dimming_functions.c" Line 295(17,24): Variable never used:   dim_adr
>>> Warning 202 "C:\Users\Xapo\Documents\Electronica\domos2011\FW\light_mod\dimming_functions.c" Line 298(17,28): Variable never used:   timedon_adr
>>> Warning 202 "C:\Users\Xapo\Documents\Electronica\domos2011\FW\light_mod\dimming_functions.c" Line 299(17,22): Variable never used:   empty
>>> Warning 202 "main.c" Line 20(24,35): Variable never used:   misscounter
      Memory usage:   ROM=36%      RAM=49% - 54%
      0 Errors,  20 Warnings.
